{"/home/wesker/Documents/code/web_tutorial/21_backend_with_jest/codes/backend/src/db/ConnectionManager.ts": {"path":"/home/wesker/Documents/code/web_tutorial/21_backend_with_jest/codes/backend/src/db/ConnectionManager.ts","statementMap":{"0":{"start":{"line":1,"column":0},"end":{"line":1,"column":30}},"1":{"start":{"line":2,"column":0},"end":{"line":2,"column":40}},"2":{"start":{"line":4,"column":0},"end":{"line":4,"column":39}},"3":{"start":{"line":7,"column":12},"end":{"line":7,"column":39}},"4":{"start":{"line":15,"column":8},"end":{"line":15,"column":23}},"5":{"start":{"line":20,"column":8},"end":{"line":22,"column":9}},"6":{"start":{"line":21,"column":12},"end":{"line":21,"column":64}},"7":{"start":{"line":23,"column":8},"end":{"line":23,"column":40}},"8":{"start":{"line":27,"column":8},"end":{"line":40,"column":9}},"9":{"start":{"line":28,"column":12},"end":{"line":36,"column":13}},"10":{"start":{"line":29,"column":31},"end":{"line":29,"column":48}},"11":{"start":{"line":30,"column":16},"end":{"line":33,"column":19}},"12":{"start":{"line":35,"column":16},"end":{"line":35,"column":64}},"13":{"start":{"line":37,"column":12},"end":{"line":37,"column":27}},"14":{"start":{"line":39,"column":12},"end":{"line":39,"column":24}},"15":{"start":{"line":44,"column":8},"end":{"line":47,"column":9}},"16":{"start":{"line":45,"column":12},"end":{"line":45,"column":34}},"17":{"start":{"line":46,"column":12},"end":{"line":46,"column":27}},"18":{"start":{"line":52,"column":8},"end":{"line":97,"column":9}},"19":{"start":{"line":53,"column":23},"end":{"line":53,"column":49}},"20":{"start":{"line":54,"column":12},"end":{"line":94,"column":15}},"21":{"start":{"line":96,"column":12},"end":{"line":96,"column":24}},"22":{"start":{"line":6,"column":0},"end":{"line":6,"column":13}},"23":{"start":{"line":11,"column":19},"end":{"line":11,"column":73}}},"fnMap":{"0":{"name":"(anonymous_1)","decl":{"start":{"line":14,"column":4},"end":{"line":14,"column":24}},"loc":{"start":{"line":14,"column":40},"end":{"line":16,"column":5}}},"1":{"name":"(anonymous_2)","decl":{"start":{"line":19,"column":11},"end":{"line":19,"column":17}},"loc":{"start":{"line":19,"column":54},"end":{"line":24,"column":5}}},"2":{"name":"(anonymous_3)","decl":{"start":{"line":26,"column":11},"end":{"line":26,"column":16}},"loc":{"start":{"line":26,"column":30},"end":{"line":41,"column":5}}},"3":{"name":"(anonymous_4)","decl":{"start":{"line":43,"column":11},"end":{"line":43,"column":16}},"loc":{"start":{"line":43,"column":32},"end":{"line":48,"column":5}}},"4":{"name":"(anonymous_5)","decl":{"start":{"line":51,"column":11},"end":{"line":51,"column":16}},"loc":{"start":{"line":51,"column":35},"end":{"line":98,"column":5}}}},"branchMap":{"0":{"loc":{"start":{"line":19,"column":30},"end":{"line":19,"column":54}},"type":"default-arg","locations":[{"start":{"line":19,"column":49},"end":{"line":19,"column":54}}]},"1":{"loc":{"start":{"line":20,"column":8},"end":{"line":22,"column":9}},"type":"if","locations":[{"start":{"line":20,"column":8},"end":{"line":22,"column":9}},{"start":{},"end":{}}]},"2":{"loc":{"start":{"line":28,"column":12},"end":{"line":36,"column":13}},"type":"if","locations":[{"start":{"line":28,"column":12},"end":{"line":36,"column":13}},{"start":{},"end":{}}]},"3":{"loc":{"start":{"line":44,"column":8},"end":{"line":47,"column":9}},"type":"if","locations":[{"start":{"line":44,"column":8},"end":{"line":47,"column":9}},{"start":{},"end":{}}]}},"s":{"0":3,"1":3,"2":3,"3":5,"4":5,"5":25,"6":5,"7":25,"8":54,"9":54,"10":14,"11":14,"12":14,"13":54,"14":0,"15":21,"16":14,"17":14,"18":8,"19":8,"20":8,"21":0,"22":3,"23":3},"f":{"0":5,"1":25,"2":54,"3":21,"4":8},"b":{"0":[1],"1":[5,20],"2":[14,40],"3":[14,7]}}
,"/home/wesker/Documents/code/web_tutorial/21_backend_with_jest/codes/backend/src/db/blogs.ts": {"path":"/home/wesker/Documents/code/web_tutorial/21_backend_with_jest/codes/backend/src/db/blogs.ts","statementMap":{"0":{"start":{"line":9,"column":0},"end":{"line":9,"column":7}},"1":{"start":{"line":27,"column":0},"end":{"line":27,"column":7}},"2":{"start":{"line":43,"column":0},"end":{"line":43,"column":7}},"3":{"start":{"line":65,"column":0},"end":{"line":65,"column":7}},"4":{"start":{"line":110,"column":0},"end":{"line":110,"column":7}},"5":{"start":{"line":157,"column":0},"end":{"line":157,"column":7}},"6":{"start":{"line":1,"column":0},"end":{"line":1,"column":59}},"7":{"start":{"line":4,"column":0},"end":{"line":4,"column":39}},"8":{"start":{"line":7,"column":18},"end":{"line":7,"column":60}},"9":{"start":{"line":10,"column":2},"end":{"line":24,"column":3}},"10":{"start":{"line":11,"column":15},"end":{"line":11,"column":46}},"11":{"start":{"line":12,"column":18},"end":{"line":17,"column":26}},"12":{"start":{"line":18,"column":18},"end":{"line":18,"column":54}},"13":{"start":{"line":19,"column":23},"end":{"line":19,"column":74}},"14":{"start":{"line":20,"column":4},"end":{"line":20,"column":52}},"15":{"start":{"line":22,"column":4},"end":{"line":22,"column":50}},"16":{"start":{"line":23,"column":4},"end":{"line":23,"column":45}},"17":{"start":{"line":28,"column":2},"end":{"line":40,"column":3}},"18":{"start":{"line":29,"column":15},"end":{"line":29,"column":46}},"19":{"start":{"line":30,"column":18},"end":{"line":34,"column":24}},"20":{"start":{"line":35,"column":17},"end":{"line":35,"column":42}},"21":{"start":{"line":36,"column":4},"end":{"line":36,"column":16}},"22":{"start":{"line":38,"column":4},"end":{"line":38,"column":55}},"23":{"start":{"line":39,"column":4},"end":{"line":39,"column":44}},"24":{"start":{"line":44,"column":2},"end":{"line":62,"column":3}},"25":{"start":{"line":45,"column":15},"end":{"line":45,"column":46}},"26":{"start":{"line":46,"column":18},"end":{"line":53,"column":26}},"27":{"start":{"line":54,"column":18},"end":{"line":54,"column":85}},"28":{"start":{"line":55,"column":23},"end":{"line":57,"column":6}},"29":{"start":{"line":58,"column":4},"end":{"line":58,"column":52}},"30":{"start":{"line":60,"column":4},"end":{"line":60,"column":57}},"31":{"start":{"line":61,"column":4},"end":{"line":61,"column":52}},"32":{"start":{"line":73,"column":16},"end":{"line":73,"column":20}},"33":{"start":{"line":75,"column":2},"end":{"line":107,"column":3}},"34":{"start":{"line":76,"column":4},"end":{"line":76,"column":41}},"35":{"start":{"line":79,"column":4},"end":{"line":79,"column":38}},"36":{"start":{"line":82,"column":19},"end":{"line":88,"column":6}},"37":{"start":{"line":91,"column":4},"end":{"line":96,"column":5}},"38":{"start":{"line":92,"column":29},"end":{"line":93,"column":null}},"39":{"start":{"line":93,"column":8},"end":{"line":93,"column":115}},"40":{"start":{"line":95,"column":6},"end":{"line":95,"column":40}},"41":{"start":{"line":99,"column":4},"end":{"line":99,"column":27}},"42":{"start":{"line":101,"column":4},"end":{"line":101,"column":88}},"43":{"start":{"line":104,"column":4},"end":{"line":104,"column":37}},"44":{"start":{"line":105,"column":4},"end":{"line":105,"column":49}},"45":{"start":{"line":106,"column":4},"end":{"line":106,"column":45}},"46":{"start":{"line":119,"column":16},"end":{"line":119,"column":20}},"47":{"start":{"line":121,"column":2},"end":{"line":154,"column":3}},"48":{"start":{"line":122,"column":4},"end":{"line":122,"column":41}},"49":{"start":{"line":125,"column":25},"end":{"line":125,"column":80}},"50":{"start":{"line":126,"column":4},"end":{"line":128,"column":5}},"51":{"start":{"line":127,"column":6},"end":{"line":127,"column":57}},"52":{"start":{"line":131,"column":4},"end":{"line":131,"column":38}},"53":{"start":{"line":134,"column":18},"end":{"line":134,"column":109}},"54":{"start":{"line":135,"column":4},"end":{"line":135,"column":78}},"55":{"start":{"line":138,"column":4},"end":{"line":138,"column":66}},"56":{"start":{"line":140,"column":4},"end":{"line":143,"column":5}},"57":{"start":{"line":141,"column":29},"end":{"line":141,"column":136}},"58":{"start":{"line":141,"column":49},"end":{"line":141,"column":135}},"59":{"start":{"line":142,"column":6},"end":{"line":142,"column":40}},"60":{"start":{"line":146,"column":4},"end":{"line":146,"column":27}},"61":{"start":{"line":148,"column":4},"end":{"line":148,"column":77}},"62":{"start":{"line":151,"column":4},"end":{"line":151,"column":37}},"63":{"start":{"line":152,"column":4},"end":{"line":152,"column":49}},"64":{"start":{"line":153,"column":4},"end":{"line":153,"column":45}},"65":{"start":{"line":158,"column":2},"end":{"line":169,"column":3}},"66":{"start":{"line":159,"column":15},"end":{"line":159,"column":46}},"67":{"start":{"line":160,"column":19},"end":{"line":160,"column":71}},"68":{"start":{"line":161,"column":4},"end":{"line":165,"column":5}},"69":{"start":{"line":162,"column":6},"end":{"line":162,"column":69}},"70":{"start":{"line":164,"column":6},"end":{"line":164,"column":57}},"71":{"start":{"line":167,"column":4},"end":{"line":167,"column":49}},"72":{"start":{"line":168,"column":4},"end":{"line":168,"column":45}}},"fnMap":{"0":{"name":"getAllBlogs","decl":{"start":{"line":9,"column":22},"end":{"line":9,"column":33}},"loc":{"start":{"line":9,"column":63},"end":{"line":25,"column":1}}},"1":{"name":"getBlogById","decl":{"start":{"line":27,"column":22},"end":{"line":27,"column":33}},"loc":{"start":{"line":27,"column":44},"end":{"line":41,"column":1}}},"2":{"name":"getBlogsByTagId","decl":{"start":{"line":43,"column":22},"end":{"line":43,"column":37}},"loc":{"start":{"line":43,"column":82},"end":{"line":63,"column":1}}},"3":{"name":"createBlog","decl":{"start":{"line":65,"column":22},"end":{"line":65,"column":32}},"loc":{"start":{"line":71,"column":16},"end":{"line":108,"column":1}}},"4":{"name":"(anonymous_4)","decl":{"start":{"line":92,"column":38},"end":{"line":92,"column":39}},"loc":{"start":{"line":93,"column":8},"end":{"line":93,"column":115}}},"5":{"name":"updateBlogById","decl":{"start":{"line":110,"column":22},"end":{"line":110,"column":36}},"loc":{"start":{"line":117,"column":16},"end":{"line":155,"column":1}}},"6":{"name":"(anonymous_6)","decl":{"start":{"line":141,"column":38},"end":{"line":141,"column":39}},"loc":{"start":{"line":141,"column":49},"end":{"line":141,"column":135}}},"7":{"name":"deleteBlogById","decl":{"start":{"line":157,"column":22},"end":{"line":157,"column":36}},"loc":{"start":{"line":157,"column":47},"end":{"line":170,"column":1}}}},"branchMap":{"0":{"loc":{"start":{"line":87,"column":6},"end":{"line":87,"column":23}},"type":"cond-expr","locations":[{"start":{"line":87,"column":18},"end":{"line":87,"column":19}},{"start":{"line":87,"column":22},"end":{"line":87,"column":23}}]},"1":{"loc":{"start":{"line":91,"column":4},"end":{"line":96,"column":5}},"type":"if","locations":[{"start":{"line":91,"column":4},"end":{"line":96,"column":5}},{"start":{},"end":{}}]},"2":{"loc":{"start":{"line":104,"column":4},"end":{"line":104,"column":36}},"type":"binary-expr","locations":[{"start":{"line":104,"column":4},"end":{"line":104,"column":6}},{"start":{"line":104,"column":11},"end":{"line":104,"column":35}}]},"3":{"loc":{"start":{"line":126,"column":4},"end":{"line":128,"column":5}},"type":"if","locations":[{"start":{"line":126,"column":4},"end":{"line":128,"column":5}},{"start":{},"end":{}}]},"4":{"loc":{"start":{"line":135,"column":46},"end":{"line":135,"column":63}},"type":"cond-expr","locations":[{"start":{"line":135,"column":58},"end":{"line":135,"column":59}},{"start":{"line":135,"column":62},"end":{"line":135,"column":63}}]},"5":{"loc":{"start":{"line":140,"column":4},"end":{"line":143,"column":5}},"type":"if","locations":[{"start":{"line":140,"column":4},"end":{"line":143,"column":5}},{"start":{},"end":{}}]},"6":{"loc":{"start":{"line":151,"column":4},"end":{"line":151,"column":36}},"type":"binary-expr","locations":[{"start":{"line":151,"column":4},"end":{"line":151,"column":6}},{"start":{"line":151,"column":11},"end":{"line":151,"column":35}}]},"7":{"loc":{"start":{"line":161,"column":4},"end":{"line":165,"column":5}},"type":"if","locations":[{"start":{"line":161,"column":4},"end":{"line":165,"column":5}},{"start":{"line":163,"column":11},"end":{"line":165,"column":5}}]},"8":{"loc":{"start":{"line":161,"column":8},"end":{"line":161,"column":44}},"type":"binary-expr","locations":[{"start":{"line":161,"column":8},"end":{"line":161,"column":22}},{"start":{"line":161,"column":26},"end":{"line":161,"column":44}}]}},"s":{"0":1,"1":1,"2":1,"3":1,"4":1,"5":1,"6":1,"7":1,"8":1,"9":3,"10":3,"11":3,"12":3,"13":2,"14":2,"15":1,"16":1,"17":3,"18":3,"19":3,"20":3,"21":2,"22":1,"23":1,"24":3,"25":3,"26":3,"27":3,"28":2,"29":2,"30":1,"31":1,"32":4,"33":4,"34":4,"35":4,"36":4,"37":3,"38":2,"39":3,"40":2,"41":2,"42":2,"43":2,"44":2,"45":2,"46":5,"47":5,"48":5,"49":5,"50":4,"51":1,"52":3,"53":3,"54":3,"55":3,"56":3,"57":2,"58":3,"59":2,"60":2,"61":2,"62":2,"63":1,"64":1,"65":3,"66":3,"67":3,"68":2,"69":1,"70":1,"71":1,"72":1},"f":{"0":3,"1":3,"2":3,"3":4,"4":3,"5":5,"6":3,"7":3},"b":{"0":[3,1],"1":[2,1],"2":[2,2],"3":[1,3],"4":[2,1],"5":[2,1],"6":[2,2],"7":[1,1],"8":[2,1]}}
,"/home/wesker/Documents/code/web_tutorial/21_backend_with_jest/codes/backend/src/db/tags.ts": {"path":"/home/wesker/Documents/code/web_tutorial/21_backend_with_jest/codes/backend/src/db/tags.ts","statementMap":{"0":{"start":{"line":20,"column":0},"end":{"line":20,"column":7}},"1":{"start":{"line":41,"column":0},"end":{"line":41,"column":7}},"2":{"start":{"line":54,"column":0},"end":{"line":54,"column":16}},"3":{"start":{"line":1,"column":0},"end":{"line":1,"column":59}},"4":{"start":{"line":3,"column":0},"end":{"line":3,"column":39}},"5":{"start":{"line":6,"column":18},"end":{"line":6,"column":60}},"6":{"start":{"line":9,"column":2},"end":{"line":17,"column":3}},"7":{"start":{"line":10,"column":15},"end":{"line":10,"column":46}},"8":{"start":{"line":11,"column":17},"end":{"line":11,"column":58}},"9":{"start":{"line":13,"column":4},"end":{"line":13,"column":16}},"10":{"start":{"line":15,"column":4},"end":{"line":15,"column":49}},"11":{"start":{"line":16,"column":4},"end":{"line":16,"column":16}},"12":{"start":{"line":21,"column":2},"end":{"line":33,"column":3}},"13":{"start":{"line":22,"column":15},"end":{"line":22,"column":46}},"14":{"start":{"line":23,"column":18},"end":{"line":27,"column":30}},"15":{"start":{"line":28,"column":17},"end":{"line":28,"column":46}},"16":{"start":{"line":29,"column":4},"end":{"line":29,"column":16}},"17":{"start":{"line":31,"column":4},"end":{"line":31,"column":60}},"18":{"start":{"line":32,"column":4},"end":{"line":32,"column":44}},"19":{"start":{"line":36,"column":30},"end":{"line":36,"column":34}},"20":{"start":{"line":37,"column":21},"end":{"line":37,"column":22}},"21":{"start":{"line":38,"column":18},"end":{"line":38,"column":31}},"22":{"start":{"line":42,"column":14},"end":{"line":42,"column":24}},"23":{"start":{"line":44,"column":2},"end":{"line":46,"column":3}},"24":{"start":{"line":45,"column":4},"end":{"line":45,"column":21}},"25":{"start":{"line":48,"column":2},"end":{"line":48,"column":33}},"26":{"start":{"line":49,"column":2},"end":{"line":49,"column":23}},"27":{"start":{"line":50,"column":2},"end":{"line":50,"column":19}},"28":{"start":{"line":55,"column":2},"end":{"line":55,"column":19}},"29":{"start":{"line":56,"column":2},"end":{"line":56,"column":21}}},"fnMap":{"0":{"name":"getAllTags","decl":{"start":{"line":8,"column":15},"end":{"line":8,"column":25}},"loc":{"start":{"line":8,"column":25},"end":{"line":18,"column":1}}},"1":{"name":"getTagsByBlogId","decl":{"start":{"line":20,"column":22},"end":{"line":20,"column":37}},"loc":{"start":{"line":20,"column":52},"end":{"line":34,"column":1}}},"2":{"name":"getAllTagsCached","decl":{"start":{"line":41,"column":22},"end":{"line":41,"column":38}},"loc":{"start":{"line":41,"column":38},"end":{"line":51,"column":1}}},"3":{"name":"clearTagsCache","decl":{"start":{"line":54,"column":16},"end":{"line":54,"column":30}},"loc":{"start":{"line":54,"column":30},"end":{"line":57,"column":1}}}},"branchMap":{"0":{"loc":{"start":{"line":44,"column":2},"end":{"line":46,"column":3}},"type":"if","locations":[{"start":{"line":44,"column":2},"end":{"line":46,"column":3}},{"start":{},"end":{}}]},"1":{"loc":{"start":{"line":44,"column":6},"end":{"line":44,"column":51}},"type":"binary-expr","locations":[{"start":{"line":44,"column":6},"end":{"line":44,"column":15}},{"start":{"line":44,"column":19},"end":{"line":44,"column":51}}]}},"s":{"0":1,"1":1,"2":1,"3":1,"4":1,"5":1,"6":8,"7":8,"8":8,"9":7,"10":1,"11":1,"12":4,"13":4,"14":4,"15":4,"16":3,"17":1,"18":1,"19":1,"20":1,"21":1,"22":9,"23":9,"24":1,"25":8,"26":7,"27":7,"28":17,"29":17},"f":{"0":8,"1":4,"2":9,"3":17},"b":{"0":[1,8],"1":[9,1]}}
}
