TN:
SF:src/db/ConnectionManager.ts
FN:14,(anonymous_1)
FN:19,(anonymous_2)
FN:26,(anonymous_3)
FN:43,(anonymous_4)
FN:51,(anonymous_5)
FNF:5
FNH:5
FNDA:5,(anonymous_1)
FNDA:25,(anonymous_2)
FNDA:54,(anonymous_3)
FNDA:21,(anonymous_4)
FNDA:8,(anonymous_5)
DA:1,3
DA:2,3
DA:4,3
DA:6,3
DA:7,5
DA:11,3
DA:15,5
DA:20,25
DA:21,5
DA:23,25
DA:27,54
DA:28,54
DA:29,14
DA:30,14
DA:35,14
DA:37,54
DA:39,0
DA:44,21
DA:45,14
DA:46,14
DA:52,8
DA:53,8
DA:54,8
DA:96,0
LF:24
LH:22
BRDA:19,0,0,1
BRDA:20,1,0,5
BRDA:20,1,1,20
BRDA:28,2,0,14
BRDA:28,2,1,40
BRDA:44,3,0,14
BRDA:44,3,1,7
BRF:7
BRH:7
end_of_record
TN:
SF:src/db/blogs.ts
FN:9,getAllBlogs
FN:27,getBlogById
FN:43,getBlogsByTagId
FN:65,createBlog
FN:92,(anonymous_4)
FN:110,updateBlogById
FN:141,(anonymous_6)
FN:157,deleteBlogById
FNF:8
FNH:8
FNDA:3,getAllBlogs
FNDA:3,getBlogById
FNDA:3,getBlogsByTagId
FNDA:4,createBlog
FNDA:3,(anonymous_4)
FNDA:5,updateBlogById
FNDA:3,(anonymous_6)
FNDA:3,deleteBlogById
DA:1,1
DA:4,1
DA:7,1
DA:9,1
DA:10,3
DA:11,3
DA:12,3
DA:18,3
DA:19,2
DA:20,2
DA:22,1
DA:23,1
DA:27,1
DA:28,3
DA:29,3
DA:30,3
DA:35,3
DA:36,2
DA:38,1
DA:39,1
DA:43,1
DA:44,3
DA:45,3
DA:46,3
DA:54,3
DA:55,2
DA:58,2
DA:60,1
DA:61,1
DA:65,1
DA:73,4
DA:75,4
DA:76,4
DA:79,4
DA:82,4
DA:91,3
DA:92,2
DA:93,3
DA:95,2
DA:99,2
DA:101,2
DA:104,2
DA:105,2
DA:106,2
DA:110,1
DA:119,5
DA:121,5
DA:122,5
DA:125,5
DA:126,4
DA:127,1
DA:131,3
DA:134,3
DA:135,3
DA:138,3
DA:140,3
DA:141,3
DA:142,2
DA:146,2
DA:148,2
DA:151,2
DA:152,1
DA:153,1
DA:157,1
DA:158,3
DA:159,3
DA:160,3
DA:161,2
DA:162,1
DA:164,1
DA:167,1
DA:168,1
LF:72
LH:72
BRDA:87,0,0,3
BRDA:87,0,1,1
BRDA:91,1,0,2
BRDA:91,1,1,1
BRDA:104,2,0,2
BRDA:104,2,1,2
BRDA:126,3,0,1
BRDA:126,3,1,3
BRDA:135,4,0,2
BRDA:135,4,1,1
BRDA:140,5,0,2
BRDA:140,5,1,1
BRDA:151,6,0,2
BRDA:151,6,1,2
BRDA:161,7,0,1
BRDA:161,7,1,1
BRDA:161,8,0,2
BRDA:161,8,1,1
BRF:18
BRH:18
end_of_record
TN:
SF:src/db/tags.ts
FN:8,getAllTags
FN:20,getTagsByBlogId
FN:41,getAllTagsCached
FN:54,clearTagsCache
FNF:4
FNH:4
FNDA:8,getAllTags
FNDA:4,getTagsByBlogId
FNDA:9,getAllTagsCached
FNDA:17,clearTagsCache
DA:1,1
DA:3,1
DA:6,1
DA:9,8
DA:10,8
DA:11,8
DA:13,7
DA:15,1
DA:16,1
DA:20,1
DA:21,4
DA:22,4
DA:23,4
DA:28,4
DA:29,3
DA:31,1
DA:32,1
DA:36,1
DA:37,1
DA:38,1
DA:41,1
DA:42,9
DA:44,9
DA:45,1
DA:48,8
DA:49,7
DA:50,7
DA:54,1
DA:55,17
DA:56,17
LF:30
LH:30
BRDA:44,0,0,1
BRDA:44,0,1,8
BRDA:44,1,0,9
BRDA:44,1,1,1
BRF:4
BRH:4
end_of_record
